Using pre-set license
Built from '2021.3/staging' branch; Version is '2021.3.21f1 (1b156197d683) revision 1774945'; Using compiler version '192829333'; Build Type 'Release'
OS: 'Windows 11  (10.0.22621) 64bit Professional' Language: 'tr' Physical Memory: 16216 MB
BatchMode: 1, IsHumanControllingUs: 0, StartBugReporterOnCrash: 0, Is64bit: 1, IsPro: 1

COMMAND LINE ARGUMENTS:
C:\Program Files\Unity\Hub\Editor\2021.3.21f1\Editor\Unity.exe
-adb2
-batchMode
-noUpm
-name
AssetImportWorker0
-projectPath
C:/Users/sinan/gamejam
-logFile
Logs/AssetImportWorker0.log
-srvPort
50089
Successfully changed project path to: C:/Users/sinan/gamejam
C:/Users/sinan/gamejam
[UnityMemory] Configuration Parameters - Can be set up in boot.config
    "memorysetup-bucket-allocator-granularity=16"
    "memorysetup-bucket-allocator-bucket-count=8"
    "memorysetup-bucket-allocator-block-size=33554432"
    "memorysetup-bucket-allocator-block-count=8"
    "memorysetup-main-allocator-block-size=16777216"
    "memorysetup-thread-allocator-block-size=16777216"
    "memorysetup-gfx-main-allocator-block-size=16777216"
    "memorysetup-gfx-thread-allocator-block-size=16777216"
    "memorysetup-cache-allocator-block-size=4194304"
    "memorysetup-typetree-allocator-block-size=2097152"
    "memorysetup-profiler-bucket-allocator-granularity=16"
    "memorysetup-profiler-bucket-allocator-bucket-count=8"
    "memorysetup-profiler-bucket-allocator-block-size=33554432"
    "memorysetup-profiler-bucket-allocator-block-count=8"
    "memorysetup-profiler-allocator-block-size=16777216"
    "memorysetup-profiler-editor-allocator-block-size=1048576"
    "memorysetup-temp-allocator-size-main=16777216"
    "memorysetup-job-temp-allocator-block-size=2097152"
    "memorysetup-job-temp-allocator-block-size-background=1048576"
    "memorysetup-job-temp-allocator-reduction-small-platforms=262144"
    "memorysetup-temp-allocator-size-background-worker=32768"
    "memorysetup-temp-allocator-size-job-worker=262144"
    "memorysetup-temp-allocator-size-preload-manager=33554432"
    "memorysetup-temp-allocator-size-nav-mesh-worker=65536"
    "memorysetup-temp-allocator-size-audio-worker=65536"
    "memorysetup-temp-allocator-size-cloud-worker=32768"
    "memorysetup-temp-allocator-size-gi-baking-worker=262144"
    "memorysetup-temp-allocator-size-gfx=262144"
Player connection [41316] Host "[IP] 192.168.0.24 [Port] 0 [Flags] 2 [Guid] 2109888157 [EditorId] 2109888157 [Version] 1048832 [Id] WindowsEditor(7,DESKTOP-NB3F3D8) [Debug] 1 [PackageName] WindowsEditor [ProjectName] Editor" joined multi-casting on [225.0.0.222:54997]...

Player connection [41316] Host "[IP] 192.168.0.24 [Port] 0 [Flags] 2 [Guid] 2109888157 [EditorId] 2109888157 [Version] 1048832 [Id] WindowsEditor(7,DESKTOP-NB3F3D8) [Debug] 1 [PackageName] WindowsEditor [ProjectName] Editor" joined alternative multi-casting on [225.0.0.222:34997]...

Refreshing native plugins compatible for Editor in 96.28 ms, found 3 plugins.
Preloading 0 native plugins for Editor in 0.00 ms.
Initialize engine version: 2021.3.21f1 (1b156197d683)
[Subsystems] Discovering subsystems at path C:/Program Files/Unity/Hub/Editor/2021.3.21f1/Editor/Data/Resources/UnitySubsystems
[Subsystems] Discovering subsystems at path C:/Users/sinan/gamejam/Assets
GfxDevice: creating device client; threaded=0; jobified=0
Direct3D:
    Version:  Direct3D 11.0 [level 11.1]
    Renderer: NVIDIA GeForce RTX 2060 (ID=0x1f15)
    Vendor:   NVIDIA
    VRAM:     5968 MB
    Driver:   31.0.15.3129
Initialize mono
Mono path[0] = 'C:/Program Files/Unity/Hub/Editor/2021.3.21f1/Editor/Data/Managed'
Mono path[1] = 'C:/Program Files/Unity/Hub/Editor/2021.3.21f1/Editor/Data/MonoBleedingEdge/lib/mono/unityjit-win32'
Mono config path = 'C:/Program Files/Unity/Hub/Editor/2021.3.21f1/Editor/Data/MonoBleedingEdge/etc'
Using monoOptions --debugger-agent=transport=dt_socket,embedding=1,server=y,suspend=n,address=127.0.0.1:56176
Begin MonoManager ReloadAssembly
Registering precompiled unity dll's ...
Register platform support module: C:/Program Files/Unity/Hub/Editor/2021.3.21f1/Editor/Data/PlaybackEngines/WebGLSupport/UnityEditor.WebGL.Extensions.dll
Register platform support module: C:/Program Files/Unity/Hub/Editor/2021.3.21f1/Editor/Data/PlaybackEngines/WindowsStandaloneSupport/UnityEditor.WindowsStandalone.Extensions.dll
Registered in 0.004574 seconds.
Native extension for WindowsStandalone target not found
Native extension for WebGL target not found
Refreshing native plugins compatible for Editor in 86.87 ms, found 3 plugins.
Preloading 0 native plugins for Editor in 0.00 ms.
Mono: successfully reloaded assembly
- Completed reload, in  0.671 seconds
Domain Reload Profiling:
	ReloadAssembly (671ms)
		BeginReloadAssembly (95ms)
			ExecutionOrderSort (0ms)
			DisableScriptedObjects (0ms)
			BackupInstance (0ms)
			ReleaseScriptingObjects (0ms)
			CreateAndSetChildDomain (1ms)
		EndReloadAssembly (469ms)
			LoadAssemblies (94ms)
			RebuildTransferFunctionScriptingTraits (0ms)
			SetupTypeCache (123ms)
			ReleaseScriptCaches (0ms)
			RebuildScriptCaches (27ms)
			SetupLoadedEditorAssemblies (269ms)
				LogAssemblyErrors (0ms)
				InitializePlatformSupportModulesInManaged (8ms)
				SetLoadedEditorAssemblies (0ms)
				RefreshPlugins (87ms)
				BeforeProcessingInitializeOnLoad (1ms)
				ProcessInitializeOnLoadAttributes (126ms)
				ProcessInitializeOnLoadMethodAttributes (47ms)
				AfterProcessingInitializeOnLoad (0ms)
				EditorAssembliesLoaded (0ms)
			ExecutionOrderSort2 (0ms)
			AwakeInstancesAfterBackupRestoration (0ms)
Platform modules already initialized, skipping
Registering precompiled user dll's ...
Registered in 0.004685 seconds.
Begin MonoManager ReloadAssembly
Symbol file LoadedFromMemory doesn't match image C:\Users\sinan\gamejam\Library\PackageCache\com.unity.visualscripting@1.8.0\Editor\VisualScripting.Core\Dependencies\YamlDotNet\Unity.VisualScripting.YamlDotNet.dll
Symbol file LoadedFromMemory doesn't match image C:\Users\sinan\gamejam\Library\PackageCache\com.unity.visualscripting@1.8.0\Editor\VisualScripting.Core\Dependencies\DotNetZip\Unity.VisualScripting.IonicZip.dll
Native extension for WindowsStandalone target not found
Native extension for WebGL target not found
Refreshing native plugins compatible for Editor in 0.52 ms, found 3 plugins.
Preloading 0 native plugins for Editor in 0.00 ms.
Mono: successfully reloaded assembly
- Completed reload, in  1.393 seconds
Domain Reload Profiling:
	ReloadAssembly (1394ms)
		BeginReloadAssembly (161ms)
			ExecutionOrderSort (0ms)
			DisableScriptedObjects (6ms)
			BackupInstance (0ms)
			ReleaseScriptingObjects (0ms)
			CreateAndSetChildDomain (30ms)
		EndReloadAssembly (1116ms)
			LoadAssemblies (115ms)
			RebuildTransferFunctionScriptingTraits (0ms)
			SetupTypeCache (304ms)
			ReleaseScriptCaches (1ms)
			RebuildScriptCaches (54ms)
			SetupLoadedEditorAssemblies (629ms)
				LogAssemblyErrors (0ms)
				InitializePlatformSupportModulesInManaged (6ms)
				SetLoadedEditorAssemblies (0ms)
				RefreshPlugins (1ms)
				BeforeProcessingInitializeOnLoad (78ms)
				ProcessInitializeOnLoadAttributes (519ms)
				ProcessInitializeOnLoadMethodAttributes (20ms)
				AfterProcessingInitializeOnLoad (5ms)
				EditorAssembliesLoaded (0ms)
			ExecutionOrderSort2 (0ms)
			AwakeInstancesAfterBackupRestoration (6ms)
Platform modules already initialized, skipping
========================================================================
Worker process is ready to serve import requests
Launched and connected shader compiler UnityShaderCompiler.exe after 0.04 seconds
Refreshing native plugins compatible for Editor in 2.22 ms, found 3 plugins.
Preloading 0 native plugins for Editor in 0.00 ms.
Unloading 3136 Unused Serialized files (Serialized files now loaded: 0)
Unloading 24 unused Assets / (62.4 KB). Loaded Objects now: 3626.
Memory consumption went from 137.4 MB to 137.3 MB.
Total: 3.387500 ms (FindLiveObjects: 0.281700 ms CreateObjectMapping: 0.186500 ms MarkObjects: 2.827300 ms  DeleteObjects: 0.090500 ms)

AssetImportParameters requested are different than current active one (requested -> active):
  custom:video-decoder-ogg-theora: a1e56fd34408186e4bbccfd4996cb3dc -> 
  custom:container-muxer-webm: aa71ff27fc2769a1b78a27578f13a17b -> 
  custom:container-demuxer-webm: 4f35f7cbe854078d1ac9338744f61a02 -> 
  custom:video-encoder-webm-vp8: eb34c28f22e8b96e1ab97ce403110664 -> 
  custom:audio-encoder-webm-vorbis: bf7c407c2cedff20999df2af8eb42d56 -> 
  custom:framework-win-MediaFoundation: 216162199b28c13a410421893ffa2e32 -> 
  custom:container-demuxer-ogg: 62fdf1f143b41e24485cea50d1cbac27 -> 
  custom:video-decoder-webm-vp8: 9c59270c3fd7afecdb556c50c9e8de78 -> 
  custom:audio-decoder-ogg-vorbis: bf7c407c2cedff20999df2af8eb42d56 -> 
========================================================================
Received Import Request.
  Time since last request: 458200.978786 seconds.
  path: Assets/maincharanim/Assets 1
  artifactKey: Guid(9745641fae2a8924f92a156c6971d0ed) Importer(815301076,1909f56bfc062723c751e8b465ee728b)
Start importing Assets/maincharanim/Assets 1 using Guid(9745641fae2a8924f92a156c6971d0ed) Importer(815301076,1909f56bfc062723c751e8b465ee728b)  -> (artifact id: 'f7a251178abbd23924ef44bad571bea6') in 0.018773 seconds 
========================================================================
Received Import Request.
  Time since last request: 0.061524 seconds.
  path: Assets/maincharanim/Assets 1/Aj@Idle (1).fbx
  artifactKey: Guid(ce2ea81f4962e55478b72f2be613d379) Importer(815301076,1909f56bfc062723c751e8b465ee728b)
Start importing Assets/maincharanim/Assets 1/Aj@Idle (1).fbx using Guid(ce2ea81f4962e55478b72f2be613d379) Importer(815301076,1909f56bfc062723c751e8b465ee728b)  -> (artifact id: '4e80d81d87ee59da17e56c6e739b8b13') in 0.278293 seconds 
========================================================================
Received Import Request.
  Time since last request: 0.000029 seconds.
  path: Assets/maincharanim/Assets 1/Boy01_spec 6.jpg
  artifactKey: Guid(45567129a0d82c843a3fc4f1d5f6259c) Importer(815301076,1909f56bfc062723c751e8b465ee728b)
Start importing Assets/maincharanim/Assets 1/Boy01_spec 6.jpg using Guid(45567129a0d82c843a3fc4f1d5f6259c) Importer(815301076,1909f56bfc062723c751e8b465ee728b)  -> (artifact id: 'cfe2a9c959114aa8daaaa7924dfa7ad7') in 0.059824 seconds 
========================================================================
Received Import Request.
  Time since last request: 0.000039 seconds.
  path: Assets/maincharanim/Assets 1/Boy01_diffuse.jpg
  artifactKey: Guid(e014dfb381c8d51449fb9c7cd3bca384) Importer(815301076,1909f56bfc062723c751e8b465ee728b)
Start importing Assets/maincharanim/Assets 1/Boy01_diffuse.jpg using Guid(e014dfb381c8d51449fb9c7cd3bca384) Importer(815301076,1909f56bfc062723c751e8b465ee728b)  -> (artifact id: '39b629ba5a95c018dfe2e686651c2ad1') in 0.033030 seconds 
========================================================================
Received Import Request.
  Time since last request: 0.000040 seconds.
  path: Assets/maincharanim/Assets 1/Boy01_normal 2.jpg
  artifactKey: Guid(8180f182aecae324c846d6b926d7225f) Importer(815301076,1909f56bfc062723c751e8b465ee728b)
Start importing Assets/maincharanim/Assets 1/Boy01_normal 2.jpg using Guid(8180f182aecae324c846d6b926d7225f) Importer(815301076,1909f56bfc062723c751e8b465ee728b)  -> (artifact id: 'e81e64d7b5627f8590f6673291173a87') in 0.040989 seconds 
========================================================================
Received Import Request.
  Time since last request: 0.000038 seconds.
  path: Assets/maincharanim/Assets 1/Boy01_Body_MAT1 1.mat
  artifactKey: Guid(89a52265e40b046448c175cfba84dfd8) Importer(815301076,1909f56bfc062723c751e8b465ee728b)
Start importing Assets/maincharanim/Assets 1/Boy01_Body_MAT1 1.mat using Guid(89a52265e40b046448c175cfba84dfd8) Importer(815301076,1909f56bfc062723c751e8b465ee728b)  -> (artifact id: '8c2efd0f73671432b620af65db049340') in 0.022351 seconds 
========================================================================
Received Import Request.
  Time since last request: 0.000018 seconds.
  path: Assets/maincharanim/Assets 1/Boy01_FacialAnimMap 6.png
  artifactKey: Guid(66e717d3bb97e7441b77e0f2d92f7319) Importer(815301076,1909f56bfc062723c751e8b465ee728b)
Start importing Assets/maincharanim/Assets 1/Boy01_FacialAnimMap 6.png using Guid(66e717d3bb97e7441b77e0f2d92f7319) Importer(815301076,1909f56bfc062723c751e8b465ee728b)  -> (artifact id: '71efcbad7d1260ae2807c762f380d5ee') in 0.027581 seconds 
========================================================================
Received Import Request.
  Time since last request: 0.000032 seconds.
  path: Assets/maincharanim/Assets 1/Boy01_normal 1.jpg
  artifactKey: Guid(f7b19fd3625946549a1651843cb1a55c) Importer(815301076,1909f56bfc062723c751e8b465ee728b)
Start importing Assets/maincharanim/Assets 1/Boy01_normal 1.jpg using Guid(f7b19fd3625946549a1651843cb1a55c) Importer(815301076,1909f56bfc062723c751e8b465ee728b)  -> (artifact id: 'f7012d599da3be6f718408848fbed03b') in 0.029667 seconds 
========================================================================
Received Import Request.
  Time since last request: 0.000057 seconds.
  path: Assets/maincharanim/Assets 1/Aj@Walking (1).fbx
  artifactKey: Guid(5e5ee46957f30dd4481e99f9abe82032) Importer(815301076,1909f56bfc062723c751e8b465ee728b)
Start importing Assets/maincharanim/Assets 1/Aj@Walking (1).fbx using Guid(5e5ee46957f30dd4481e99f9abe82032) Importer(815301076,1909f56bfc062723c751e8b465ee728b)  -> (artifact id: 'c9cfcca5325e63fa9bdf1094b97edf7d') in 0.103582 seconds 
========================================================================
Received Import Request.
  Time since last request: 0.000038 seconds.
  path: Assets/maincharanim/Assets 1/Boy01_spec 1.jpg
  artifactKey: Guid(3f815f202c0913d498c724ea5a847aac) Importer(815301076,1909f56bfc062723c751e8b465ee728b)
Start importing Assets/maincharanim/Assets 1/Boy01_spec 1.jpg using Guid(3f815f202c0913d498c724ea5a847aac) Importer(815301076,1909f56bfc062723c751e8b465ee728b)  -> (artifact id: 'd9a0898dadfc3c9778bb6079d4283a5e') in 0.025132 seconds 
========================================================================
Received Import Request.
  Time since last request: 0.000112 seconds.
  path: Assets/maincharanim/Assets 1/Boy01_Brows_MAT2 2.mat
  artifactKey: Guid(48d02bdfb8ab2ea4f82d6f707afaef0a) Importer(815301076,1909f56bfc062723c751e8b465ee728b)
Start importing Assets/maincharanim/Assets 1/Boy01_Brows_MAT2 2.mat using Guid(48d02bdfb8ab2ea4f82d6f707afaef0a) Importer(815301076,1909f56bfc062723c751e8b465ee728b)  -> (artifact id: '57db0decc495695a460f4c8fc245ec9c') in 0.029557 seconds 
========================================================================
Received Import Request.
  Time since last request: 0.000036 seconds.
  path: Assets/maincharanim/Assets 1/Boy01_Brows_MAT2 1.mat
  artifactKey: Guid(c6f8e20bf3b2169499010f2db9d767fe) Importer(815301076,1909f56bfc062723c751e8b465ee728b)
Start importing Assets/maincharanim/Assets 1/Boy01_Brows_MAT2 1.mat using Guid(c6f8e20bf3b2169499010f2db9d767fe) Importer(815301076,1909f56bfc062723c751e8b465ee728b)  -> (artifact id: '7f3209c05d374bd7c503b3a3f06a063a') in 0.027961 seconds 
========================================================================
Received Import Request.
  Time since last request: 0.000049 seconds.
  path: Assets/maincharanim/Assets 1/Boy01_FacialAnimMap 1.png
  artifactKey: Guid(6a5b744ce152e7c4d8227bd5f6cc51f2) Importer(815301076,1909f56bfc062723c751e8b465ee728b)
Start importing Assets/maincharanim/Assets 1/Boy01_FacialAnimMap 1.png using Guid(6a5b744ce152e7c4d8227bd5f6cc51f2) Importer(815301076,1909f56bfc062723c751e8b465ee728b)  -> (artifact id: '24c7e5875a957d4be11f887eeed87200') in 0.029860 seconds 
========================================================================
Received Import Request.
  Time since last request: 0.000121 seconds.
  path: Assets/maincharanim/Assets 1/character.fbx
  artifactKey: Guid(f5daf41440458ac428a144393e4e81c8) Importer(815301076,1909f56bfc062723c751e8b465ee728b)
Start importing Assets/maincharanim/Assets 1/character.fbx using Guid(f5daf41440458ac428a144393e4e81c8) Importer(815301076,1909f56bfc062723c751e8b465ee728b)  -> (artifact id: '91ba2d2f211d37da12a2e07e59dc0bbc') in 0.090987 seconds 
========================================================================
Received Import Request.
  Time since last request: 0.000069 seconds.
  path: Assets/maincharanim/Assets 1/Boy01_diffuse 6.jpg
  artifactKey: Guid(68d22edc8d83ec949a94e54e1e2235d7) Importer(815301076,1909f56bfc062723c751e8b465ee728b)
Start importing Assets/maincharanim/Assets 1/Boy01_diffuse 6.jpg using Guid(68d22edc8d83ec949a94e54e1e2235d7) Importer(815301076,1909f56bfc062723c751e8b465ee728b)  -> (artifact id: 'b407a6fc23956e293f6b82b322000580') in 0.030586 seconds 
========================================================================
Received Import Request.
  Time since last request: 0.000053 seconds.
  path: Assets/maincharanim/Assets 1/Boy01_FacialAnimMap 3.png
  artifactKey: Guid(5394b7dc149394e4a94d006c61bf95e1) Importer(815301076,1909f56bfc062723c751e8b465ee728b)
Start importing Assets/maincharanim/Assets 1/Boy01_FacialAnimMap 3.png using Guid(5394b7dc149394e4a94d006c61bf95e1) Importer(815301076,1909f56bfc062723c751e8b465ee728b)  -> (artifact id: 'a332bfc594613791898407ba8451625f') in 0.029943 seconds 
========================================================================
Received Import Request.
  Time since last request: 0.000050 seconds.
  path: Assets/maincharanim/Assets 1/Boy01_Body_MAT1 2.mat
  artifactKey: Guid(a1005cb5c5f12894aa515b054b251499) Importer(815301076,1909f56bfc062723c751e8b465ee728b)
Start importing Assets/maincharanim/Assets 1/Boy01_Body_MAT1 2.mat using Guid(a1005cb5c5f12894aa515b054b251499) Importer(815301076,1909f56bfc062723c751e8b465ee728b)  -> (artifact id: '9aea2e78d44f19c597e9ec29693af9d2') in 0.026523 seconds 
========================================================================
Received Import Request.
  Time since last request: 0.000083 seconds.
  path: Assets/maincharanim/Assets 1/Boy01_diffuse 4.jpg
  artifactKey: Guid(212d7ecf60dbb3046a54fba7ee2f05c2) Importer(815301076,1909f56bfc062723c751e8b465ee728b)
Start importing Assets/maincharanim/Assets 1/Boy01_diffuse 4.jpg using Guid(212d7ecf60dbb3046a54fba7ee2f05c2) Importer(815301076,1909f56bfc062723c751e8b465ee728b)  -> (artifact id: 'e85de16c4122bc2e3a44db125d133fbf') in 0.029067 seconds 
========================================================================
Received Import Request.
  Time since last request: 0.000039 seconds.
  path: Assets/maincharanim/Assets 1/Boy01_FacialAnimMap 2.png
  artifactKey: Guid(a1f1a84841335a141b2051ee000b48b8) Importer(815301076,1909f56bfc062723c751e8b465ee728b)
Start importing Assets/maincharanim/Assets 1/Boy01_FacialAnimMap 2.png using Guid(a1f1a84841335a141b2051ee000b48b8) Importer(815301076,1909f56bfc062723c751e8b465ee728b)  -> (artifact id: 'd0d01d0481ab2a4a69a5de0629244319') in 0.029523 seconds 
========================================================================
Received Import Request.
  Time since last request: 0.000064 seconds.
  path: Assets/maincharanim/Assets 1/Boy01_normal 5.jpg
  artifactKey: Guid(2a46061c509367d41854efbfa3b0dbdd) Importer(815301076,1909f56bfc062723c751e8b465ee728b)
Start importing Assets/maincharanim/Assets 1/Boy01_normal 5.jpg using Guid(2a46061c509367d41854efbfa3b0dbdd) Importer(815301076,1909f56bfc062723c751e8b465ee728b)  -> (artifact id: 'abf1fa44c04e6dd062db763ba2c7c042') in 0.026827 seconds 
========================================================================
Received Import Request.
  Time since last request: 0.000063 seconds.
  path: Assets/maincharanim/Assets 1/Boy01_Mouth_MAT2 2.mat
  artifactKey: Guid(17d5400fde392294287e0f90dbfab125) Importer(815301076,1909f56bfc062723c751e8b465ee728b)
Start importing Assets/maincharanim/Assets 1/Boy01_Mouth_MAT2 2.mat using Guid(17d5400fde392294287e0f90dbfab125) Importer(815301076,1909f56bfc062723c751e8b465ee728b)  -> (artifact id: 'b134d909625905fc26da36630debfe4c') in 0.020664 seconds 
========================================================================
Received Import Request.
  Time since last request: 0.000029 seconds.
  path: Assets/maincharanim/Assets 1/Boy01_diffuse 2.jpg
  artifactKey: Guid(ea54b2759a59fc745bd401d23e3e29d8) Importer(815301076,1909f56bfc062723c751e8b465ee728b)
Start importing Assets/maincharanim/Assets 1/Boy01_diffuse 2.jpg using Guid(ea54b2759a59fc745bd401d23e3e29d8) Importer(815301076,1909f56bfc062723c751e8b465ee728b)  -> (artifact id: '0a83067ef3ab90503ced636f21176a68') in 0.024692 seconds 
========================================================================
Received Prepare
Registering precompiled user dll's ...
Registered in 0.005877 seconds.
Begin MonoManager ReloadAssembly
Symbol file LoadedFromMemory doesn't match image C:\Users\sinan\gamejam\Library\PackageCache\com.unity.visualscripting@1.8.0\Editor\VisualScripting.Core\Dependencies\YamlDotNet\Unity.VisualScripting.YamlDotNet.dll
Symbol file LoadedFromMemory doesn't match image C:\Users\sinan\gamejam\Library\PackageCache\com.unity.visualscripting@1.8.0\Editor\VisualScripting.Core\Dependencies\DotNetZip\Unity.VisualScripting.IonicZip.dll
Native extension for WindowsStandalone target not found
Native extension for WebGL target not found
Refreshing native plugins compatible for Editor in 0.71 ms, found 3 plugins.
Preloading 0 native plugins for Editor in 0.00 ms.
Mono: successfully reloaded assembly
- Completed reload, in  1.354 seconds
Domain Reload Profiling:
	ReloadAssembly (1356ms)
		BeginReloadAssembly (162ms)
			ExecutionOrderSort (0ms)
			DisableScriptedObjects (6ms)
			BackupInstance (0ms)
			ReleaseScriptingObjects (0ms)
			CreateAndSetChildDomain (38ms)
		EndReloadAssembly (1077ms)
			LoadAssemblies (110ms)
			RebuildTransferFunctionScriptingTraits (0ms)
			SetupTypeCache (316ms)
			ReleaseScriptCaches (1ms)
			RebuildScriptCaches (50ms)
			SetupLoadedEditorAssemblies (574ms)
				LogAssemblyErrors (0ms)
				InitializePlatformSupportModulesInManaged (8ms)
				SetLoadedEditorAssemblies (1ms)
				RefreshPlugins (1ms)
				BeforeProcessingInitializeOnLoad (69ms)
				ProcessInitializeOnLoadAttributes (463ms)
				ProcessInitializeOnLoadMethodAttributes (25ms)
				AfterProcessingInitializeOnLoad (7ms)
				EditorAssembliesLoaded (0ms)
			ExecutionOrderSort2 (0ms)
			AwakeInstancesAfterBackupRestoration (11ms)
Platform modules already initialized, skipping
Refreshing native plugins compatible for Editor in 2.17 ms, found 3 plugins.
Preloading 0 native plugins for Editor in 0.00 ms.
Unloading 3090 Unused Serialized files (Serialized files now loaded: 0)
Unloading 18 unused Assets / (55.4 KB). Loaded Objects now: 3678.
Memory consumption went from 150.4 MB to 150.4 MB.
Total: 4.356900 ms (FindLiveObjects: 0.403900 ms CreateObjectMapping: 0.202700 ms MarkObjects: 3.635800 ms  DeleteObjects: 0.113100 ms)

AssetImportParameters requested are different than current active one (requested -> active):
  custom:video-decoder-ogg-theora: a1e56fd34408186e4bbccfd4996cb3dc -> 
  custom:container-muxer-webm: aa71ff27fc2769a1b78a27578f13a17b -> 
  custom:container-demuxer-webm: 4f35f7cbe854078d1ac9338744f61a02 -> 
  custom:video-encoder-webm-vp8: eb34c28f22e8b96e1ab97ce403110664 -> 
  custom:audio-encoder-webm-vorbis: bf7c407c2cedff20999df2af8eb42d56 -> 
  custom:framework-win-MediaFoundation: 216162199b28c13a410421893ffa2e32 -> 
  custom:container-demuxer-ogg: 62fdf1f143b41e24485cea50d1cbac27 -> 
  custom:video-decoder-webm-vp8: 9c59270c3fd7afecdb556c50c9e8de78 -> 
  custom:audio-decoder-ogg-vorbis: bf7c407c2cedff20999df2af8eb42d56 -> 
Editor requested this worker to shutdown with reason: Scaling down because of idle timeout
AssetImportWorker is now disconnected from the server
Process exiting
Exiting without the bug reporter. Application will terminate with return code 0